<?xml version="1.0" encoding="UTF-8"?>
<testng-results ignored="2" total="4" passed="2" failed="0" skipped="0">
  <reporter-output>
  </reporter-output>
  <suite started-at="2023-01-27T12:51:47 EET" name="All Test Suite" finished-at="2023-01-27T12:51:59 EET" duration-ms="12912">
    <groups>
    </groups>
    <test started-at="2023-01-27T12:51:47 EET" name="C:/Users/bogda/IdeaProjects/myProject/src/test/resources" finished-at="2023-01-27T12:51:59 EET" duration-ms="12912">
      <class name="tests.loginValidation.LoginValidationTest">
        <test-method signature="checkValidationsOnLoginPage()[pri:0, instance:tests.loginValidation.LoginValidationTest@3b95d13c]" started-at="2023-01-27T12:51:47 EET" name="checkValidationsOnLoginPage" finished-at="2023-01-27T12:51:57 EET" duration-ms="10193" status="PASS">
          <reporter-output>
          </reporter-output>
        </test-method> <!-- checkValidationsOnLoginPage -->
        <test-method is-config="true" signature="clearCookiesAndLocalStorage()[pri:0, instance:tests.loginValidation.LoginValidationTest@3b95d13c]" started-at="2023-01-27T12:51:59 EET" name="clearCookiesAndLocalStorage" finished-at="2023-01-27T12:51:59 EET" duration-ms="234" status="PASS">
          <reporter-output>
          </reporter-output>
        </test-method> <!-- clearCookiesAndLocalStorage -->
        <test-method is-config="true" signature="close()[pri:0, instance:tests.loginValidation.LoginValidationTest@3b95d13c]" started-at="2023-01-27T12:51:59 EET" name="close" finished-at="2023-01-27T12:51:59 EET" duration-ms="213" status="PASS">
          <reporter-output>
          </reporter-output>
        </test-method> <!-- close -->
      </class> <!-- tests.loginValidation.LoginValidationTest -->
      <class name="tests.myAccount.MyAccountViewEditValidationTest">
        <test-method signature="checkViewModeOnMyAccountPage()[pri:0, instance:tests.myAccount.MyAccountViewEditValidationTest@6fca5907]" started-at="2023-01-27T12:51:47 EET" name="checkViewModeOnMyAccountPage" finished-at="2023-01-27T12:51:59 EET" duration-ms="12378" status="PASS">
          <reporter-output>
          </reporter-output>
        </test-method> <!-- checkViewModeOnMyAccountPage -->
      </class> <!-- tests.myAccount.MyAccountViewEditValidationTest -->
    </test> <!-- C:/Users/bogda/IdeaProjects/myProject/src/test/resources -->
  </suite> <!-- All Test Suite -->
</testng-results>
